<?xml version="1.0" encoding="UTF-8" ?>
<testsuites>
  <testsuite errors="0" failures="1" hostname="Bradley-Beddoess-iMac.local" id="0" name="MetadataGenerationServiceSpec" package="fedreg.metadata" tests="8" time="1.861" timestamp="2010-08-24T02:34:40">
      <properties />

      <testcase classname="fedreg.metadata.MetadataGenerationServiceSpec" name="Test valid endpoint generation" time="1.072" />

      <testcase classname="fedreg.metadata.MetadataGenerationServiceSpec" name="Test valid endpoint generation with response" time="0.088" />

      <testcase classname="fedreg.metadata.MetadataGenerationServiceSpec" name="Test valid indexed endpoint generation" time="0.083" />

      <testcase classname="fedreg.metadata.MetadataGenerationServiceSpec" name="Test valid indexed endpoint generation with response" time="0.06" />

      <testcase classname="fedreg.metadata.MetadataGenerationServiceSpec" name="Test valid organization generation" time="0.04" />

      <testcase classname="fedreg.metadata.MetadataGenerationServiceSpec" name="Test valid contact person generation" time="0.128" />

      <testcase classname="fedreg.metadata.MetadataGenerationServiceSpec" name="Test valid contact person generation with only mobile phone" time="0.053" />

      <testcase classname="fedreg.metadata.MetadataGenerationServiceSpec" name="Test valid IDPSSODescriptor generation" time="0.32">
          <failure message="Condition not satisfied:  xml == result |   |  | |   |  &quot;&quot; |   false |   3578 differences (0% similarity) |   (&lt;IDPSSODescriptor protocolSupportEnumeration=&apos;urn:oasis:names:tc:SAML:1.1:protocol urn:mace:shibboleth:1.0 urn:oasis:names:tc:SAML:2.0:protocol&apos;&gt;\n  &lt;KeyDescriptor use=&apos;encryption&apos;&gt;\n    &lt;ds:KeyInfo xmlns:ds=&apos;http://www.w3.org/2000/09/xmldsig#&apos;&gt;\n      &lt;ds:KeyName&gt;key1&lt;/ds:KeyName&gt;\n      &lt;ds:X509Data&gt;\n        &lt;ds:X509Certificate&gt;\nMIIDJDCCAgygAwIBAgIVAO0iiNByCKsIji9RIiEglo5mhsc9MA0GCSqGSIb3DQEB\nBQUAMBkxFzAVBgNVBAMTDnZoby5hYWYuZWR1LmF1MB4XDTA5MDUwNDA2MTgyNVoX\nDTI5MDUwNDA2MTgyNVowGTEXMBUGA1UEAxMOdmhvLmFhZi5lZHUuYXUwggEiMA0G\nCSqGSIb3DQEBAQUAA4IBDwAwggEKAoIBAQDWB4cjn/vxigCmLp1J4Y9OW84acUnO\nYFcb3piAy3fc+dhA6AVHCjLrh7tWRIycmcz5qqIbOFnS5qBqg/zBAAhpPGRHjJTd\n9J6iUN6bWXeaTTBAO9QDtYPt8iAymPFCgbr4lil5JuE9cg6uVgb2/RQlZqludxV6\naUTbtJePJz5KAVMrlfHVguKjH5GpwVcBztMmtRgOPC37Ptyz9Wo/FxpkwpkZCmag\ntQUTBdSL1lr7ySW4CqH4QCgyplBJ2jOnG2IsGZ0TnCQ5cfNuB9Iw8uU5bBMiZvI+\n2xuDQV4KWyz3lbTHLPHk/Iw57/NdwOeKMLmmJRiRwuJJaOS4MNaPoWsbAgMBAAGj\nYzBhMEAGA1UdEQQ5MDeCDnZoby5hYWYuZWR1LmF1hiVodHRwczovL3Zoby5hYWYu\nZWR1LmF1L2lkcC9zaGliYm9sZXRoMB0GA1UdDgQWBBTRu0lIvmQAgPzWEMhtz7Gm\neYWEqDANBgkqhkiG9w0BAQUFAAOCAQEAUwiq3jCuhENSyehA2AjhmfBj8DaggSe/\nmRuHUi+IZgPtF09nasr9ZxNVs9S00pxPHjBWwFQ3p+6wY/qQZEQIE0j3iJ9Ly3IL\nRSHZiC0YlrdivcqvvTNc3SO+TW2LWWLbUMSs+IuMVPQpsPvUJ6XN5DuoJHByBbMB\nqgRIRXocTSssKfyRPuPtZHWnlvCgv2fzPmPJqa+z8hnSEdpBTSFCHHgoyRsaTGhg\nVscwWbqvj3YlQhVt62SMTQu82pKdD9I1mS75BHH7Ehb/PHCv7jCSaVc3ztPUquZ6\nwU7I1/N110XAqdxIAZo7giAij4IKE122u7bPYs8YlQ8JoMb4hPJY5g==\n&lt;/ds:X509Certificate&gt;\n      &lt;/ds:X509Data&gt;\n    &lt;/ds:KeyInfo&gt;\n    &lt;EncryptionMethod Algorithm=&apos;http://www.w3.org/2001/04/xmlenc#tripledes-cbc&apos; /&gt;\n  &lt;/KeyDescriptor&gt;\n  &lt;KeyDescriptor use=&apos;signing&apos;&gt;\n    &lt;ds:KeyInfo xmlns:ds=&apos;http://www.w3.org/2000/09/xmldsig#&apos;&gt;\n      &lt;ds:KeyName&gt;key2&lt;/ds:KeyName&gt;\n      &lt;ds:X509Data&gt;\n        &lt;ds:X509Certificate&gt;\nMIIDJDCCAgygAwIBAgIVAO0iiNByCKsIji9RIiEglo5mhsc9MA0GCSqGSIb3DQEB\nBQUAMBkxFzAVBgNVBAMTDnZoby5hYWYuZWR1LmF1MB4XDTA5MDUwNDA2MTgyNVoX\nDTI5MDUwNDA2MTgyNVowGTEXMBUGA1UEAxMOdmhvLmFhZi5lZHUuYXUwggEiMA0G\nCSqGSIb3DQEBAQUAA4IBDwAwggEKAoIBAQDWB4cjn/vxigCmLp1J4Y9OW84acUnO\nYFcb3piAy3fc+dhA6AVHCjLrh7tWRIycmcz5qqIbOFnS5qBqg/zBAAhpPGRHjJTd\n9J6iUN6bWXeaTTBAO9QDtYPt8iAymPFCgbr4lil5JuE9cg6uVgb2/RQlZqludxV6\naUTbtJePJz5KAVMrlfHVguKjH5GpwVcBztMmtRgOPC37Ptyz9Wo/FxpkwpkZCmag\ntQUTBdSL1lr7ySW4CqH4QCgyplBJ2jOnG2IsGZ0TnCQ5cfNuB9Iw8uU5bBMiZvI+\n2xuDQV4KWyz3lbTHLPHk/Iw57/NdwOeKMLmmJRiRwuJJaOS4MNaPoWsbAgMBAAGj\nYzBhMEAGA1UdEQQ5MDeCDnZoby5hYWYuZWR1LmF1hiVodHRwczovL3Zoby5hYWYu\nZWR1LmF1L2lkcC9zaGliYm9sZXRoMB0GA1UdDgQWBBTRu0lIvmQAgPzWEMhtz7Gm\neYWEqDANBgkqhkiG9w0BAQUFAAOCAQEAUwiq3jCuhENSyehA2AjhmfBj8DaggSe/\nmRuHUi+IZgPtF09nasr9ZxNVs9S00pxPHjBWwFQ3p+6wY/qQZEQIE0j3iJ9Ly3IL\nRSHZiC0YlrdivcqvvTNc3SO+TW2LWWLbUMSs+IuMVPQpsPvUJ6XN5DuoJHByBbMB\nqgRIRXocTSssKfyRPuPtZHWnlvCgv2fzPmPJqa+z8hnSEdpBTSFCHHgoyRsaTGhg\nVscwWbqvj3YlQhVt62SMTQu82pKdD9I1mS75BHH7Ehb/PHCv7jCSaVc3ztPUquZ6\nwU7I1/N110XAqdxIAZo7giAij4IKE122u7bPYs8YlQ8JoMb4hPJY5g==\n&lt;/ds:X509Certificate&gt;\n      &lt;/ds:X509Data&gt;\n    &lt;/ds:KeyInfo&gt;\n  &lt;/KeyDescriptor&gt;\n  &lt;Organization&gt;\n    &lt;OrganizationName xml:lang=&apos;en&apos;&gt;Test Organization&lt;/OrganizationName&gt;\n    &lt;OrganizationDisplayName xml:lang=&apos;en&apos;&gt;Test Organization Display&lt;/OrganizationDisplayName&gt;\n    &lt;OrganizationURL xml:lang=&apos;en&apos;&gt;http://example.com&lt;/OrganizationURL&gt;\n  &lt;/Organization&gt;\n  &lt;ContactPerson contactType=&apos;administrative&apos;&gt;\n    &lt;GivenName&gt;Test&lt;/GivenName&gt;\n    &lt;SurName&gt;User&lt;/SurName&gt;\n    &lt;EmailAddress&gt;test@example.com&lt;/EmailAddress&gt;\n    &lt;TelephoneNumber&gt;(567) 222 22222&lt;/TelephoneNumber&gt;\n    &lt;TelephoneNumber&gt;(07) 1111 1111&lt;/TelephoneNumber&gt;\n    &lt;TelephoneNumber&gt;0413 867 208&lt;/TelephoneNumber&gt;\n  &lt;/ContactPerson&gt;\n&lt;/IDPSSODescriptor&gt;) |   (-------------------------------------------------------------------------------------------------------------------------------------------------~~----------------------------------~~--------------------------------------------------------------~~-----------------------------------~~-------------------~~----------------------------~~----------------------------------------------------------------~~----------------------------------------------------------------~~----------------------------------------------------------------~~----------------------------------------------------------------~~----------------------------------------------------------------~~----------------------------------------------------------------~~----------------------------------------------------------------~~----------------------------------------------------------------~~----------------------------------------------------------------~~----------------------------------------------------------------~~----------------------------------------------------------------~~----------------------------------------------------------------~~----------------------------------------------------------------~~----------------------------------------------------------------~~----------------------------------------------------------------~~----------------------------------------------------------------~~--------------------------------------------------------~~---------------------~~--------------------~~-----------------~~-----------------------------------------------------------------------------------~~------------------~~-------------------------------~~--------------------------------------------------------------~~-----------------------------------~~-------------------~~----------------------------~~----------------------------------------------------------------~~----------------------------------------------------------------~~----------------------------------------------------------------~~----------------------------------------------------------------~~----------------------------------------------------------------~~----------------------------------------------------------------~~----------------------------------------------------------------~~----------------------------------------------------------------~~----------------------------------------------------------------~~----------------------------------------------------------------~~----------------------------------------------------------------~~----------------------------------------------------------------~~----------------------------------------------------------------~~----------------------------------------------------------------~~----------------------------------------------------------------~~----------------------------------------------------------------~~--------------------------------------------------------~~---------------------~~--------------------~~-----------------~~------------------~~----------------~~------------------------------------------------------------------------~~----------------------------------------------------------------------------------------------~~-----------------------------------------------------------------------~~-----------------~~----------------------------------------------~~-------------------------------~~---------------------------~~-------------------------------------------------~~------------------------------------------------------~~-----------------------------------------------------~~---------------------------------------------------~~------------------~~-------------------) &lt;IDPSSODescriptor protocolSupportEnumeration=&apos;urn:oasis:names:tc:SAML:1.1:protocol urn:mace:shibboleth:1.0 urn:oasis:names:tc:SAML:2.0:protocol&apos;&gt;   &lt;KeyDescriptor use=&apos;encryption&apos;&gt;     &lt;ds:KeyInfo xmlns:ds=&apos;http://www.w3.org/2000/09/xmldsig#&apos;&gt;       &lt;ds:KeyName&gt;key1&lt;/ds:KeyName&gt;       &lt;ds:X509Data&gt;         &lt;ds:X509Certificate&gt; MIIDJDCCAgygAwIBAgIVAO0iiNByCKsIji9RIiEglo5mhsc9MA0GCSqGSIb3DQEB BQUAMBkxFzAVBgNVBAMTDnZoby5hYWYuZWR1LmF1MB4XDTA5MDUwNDA2MTgyNVoX DTI5MDUwNDA2MTgyNVowGTEXMBUGA1UEAxMOdmhvLmFhZi5lZHUuYXUwggEiMA0G CSqGSIb3DQEBAQUAA4IBDwAwggEKAoIBAQDWB4cjn/vxigCmLp1J4Y9OW84acUnO YFcb3piAy3fc+dhA6AVHCjLrh7tWRIycmcz5qqIbOFnS5qBqg/zBAAhpPGRHjJTd 9J6iUN6bWXeaTTBAO9QDtYPt8iAymPFCgbr4lil5JuE9cg6uVgb2/RQlZqludxV6 aUTbtJePJz5KAVMrlfHVguKjH5GpwVcBztMmtRgOPC37Ptyz9Wo/FxpkwpkZCmag tQUTBdSL1lr7ySW4CqH4QCgyplBJ2jOnG2IsGZ0TnCQ5cfNuB9Iw8uU5bBMiZvI+ 2xuDQV4KWyz3lbTHLPHk/Iw57/NdwOeKMLmmJRiRwuJJaOS4MNaPoWsbAgMBAAGj YzBhMEAGA1UdEQQ5MDeCDnZoby5hYWYuZWR1LmF1hiVodHRwczovL3Zoby5hYWYu ZWR1LmF1L2lkcC9zaGliYm9sZXRoMB0GA1UdDgQWBBTRu0lIvmQAgPzWEMhtz7Gm eYWEqDANBgkqhkiG9w0BAQUFAAOCAQEAUwiq3jCuhENSyehA2AjhmfBj8DaggSe/ mRuHUi+IZgPtF09nasr9ZxNVs9S00pxPHjBWwFQ3p+6wY/qQZEQIE0j3iJ9Ly3IL RSHZiC0YlrdivcqvvTNc3SO+TW2LWWLbUMSs+IuMVPQpsPvUJ6XN5DuoJHByBbMB qgRIRXocTSssKfyRPuPtZHWnlvCgv2fzPmPJqa+z8hnSEdpBTSFCHHgoyRsaTGhg VscwWbqvj3YlQhVt62SMTQu82pKdD9I1mS75BHH7Ehb/PHCv7jCSaVc3ztPUquZ6 wU7I1/N110XAqdxIAZo7giAij4IKE122u7bPYs8YlQ8JoMb4hPJY5g== &lt;/ds:X509Certificate&gt;       &lt;/ds:X509Data&gt;     &lt;/ds:KeyInfo&gt;     &lt;EncryptionMethod Algorithm=&apos;http://www.w3.org/2001/04/xmlenc#tripledes-cbc&apos; /&gt;   &lt;/KeyDescriptor&gt;   &lt;KeyDescriptor use=&apos;signing&apos;&gt;     &lt;ds:KeyInfo xmlns:ds=&apos;http://www.w3.org/2000/09/xmldsig#&apos;&gt;       &lt;ds:KeyName&gt;key2&lt;/ds:KeyName&gt;       &lt;ds:X509Data&gt;         &lt;ds:X509Certificate&gt; MIIDJDCCAgygAwIBAgIVAO0iiNByCKsIji9RIiEglo5mhsc9MA0GCSqGSIb3DQEB BQUAMBkxFzAVBgNVBAMTDnZoby5hYWYuZWR1LmF1MB4XDTA5MDUwNDA2MTgyNVoX DTI5MDUwNDA2MTgyNVowGTEXMBUGA1UEAxMOdmhvLmFhZi5lZHUuYXUwggEiMA0G CSqGSIb3DQEBAQUAA4IBDwAwggEKAoIBAQDWB4cjn/vxigCmLp1J4Y9OW84acUnO YFcb3piAy3fc+dhA6AVHCjLrh7tWRIycmcz5qqIbOFnS5qBqg/zBAAhpPGRHjJTd 9J6iUN6bWXeaTTBAO9QDtYPt8iAymPFCgbr4lil5JuE9cg6uVgb2/RQlZqludxV6 aUTbtJePJz5KAVMrlfHVguKjH5GpwVcBztMmtRgOPC37Ptyz9Wo/FxpkwpkZCmag tQUTBdSL1lr7ySW4CqH4QCgyplBJ2jOnG2IsGZ0TnCQ5cfNuB9Iw8uU5bBMiZvI+ 2xuDQV4KWyz3lbTHLPHk/Iw57/NdwOeKMLmmJRiRwuJJaOS4MNaPoWsbAgMBAAGj YzBhMEAGA1UdEQQ5MDeCDnZoby5hYWYuZWR1LmF1hiVodHRwczovL3Zoby5hYWYu ZWR1LmF1L2lkcC9zaGliYm9sZXRoMB0GA1UdDgQWBBTRu0lIvmQAgPzWEMhtz7Gm eYWEqDANBgkqhkiG9w0BAQUFAAOCAQEAUwiq3jCuhENSyehA2AjhmfBj8DaggSe/ mRuHUi+IZgPtF09nasr9ZxNVs9S00pxPHjBWwFQ3p+6wY/qQZEQIE0j3iJ9Ly3IL RSHZiC0YlrdivcqvvTNc3SO+TW2LWWLbUMSs+IuMVPQpsPvUJ6XN5DuoJHByBbMB qgRIRXocTSssKfyRPuPtZHWnlvCgv2fzPmPJqa+z8hnSEdpBTSFCHHgoyRsaTGhg VscwWbqvj3YlQhVt62SMTQu82pKdD9I1mS75BHH7Ehb/PHCv7jCSaVc3ztPUquZ6 wU7I1/N110XAqdxIAZo7giAij4IKE122u7bPYs8YlQ8JoMb4hPJY5g== &lt;/ds:X509Certificate&gt;       &lt;/ds:X509Data&gt;     &lt;/ds:KeyInfo&gt;   &lt;/KeyDescriptor&gt;   &lt;Organization&gt;     &lt;OrganizationName xml:lang=&apos;en&apos;&gt;Test Organization&lt;/OrganizationName&gt;     &lt;OrganizationDisplayName xml:lang=&apos;en&apos;&gt;Test Organization Display&lt;/OrganizationDisplayName&gt;     &lt;OrganizationURL xml:lang=&apos;en&apos;&gt;http://example.com&lt;/OrganizationURL&gt;   &lt;/Organization&gt;   &lt;ContactPerson contactType=&apos;administrative&apos;&gt;     &lt;GivenName&gt;Test&lt;/GivenName&gt;     &lt;SurName&gt;User&lt;/SurName&gt;     &lt;EmailAddress&gt;test@example.com&lt;/EmailAddress&gt;     &lt;TelephoneNumber&gt;(567) 222 22222&lt;/TelephoneNumber&gt;     &lt;TelephoneNumber&gt;(07) 1111 1111&lt;/TelephoneNumber&gt;     &lt;TelephoneNumber&gt;0413 867 208&lt;/TelephoneNumber&gt;   &lt;/ContactPerson&gt; &lt;/IDPSSODescriptor&gt; " type="junit.framework.AssertionFailedError">junit.framework.AssertionFailedError: Condition not satisfied:

xml == result
|   |  |
|   |  &quot;&quot;
|   false
|   3578 differences (0% similarity)
|   (&lt;IDPSSODescriptor protocolSupportEnumeration=&apos;urn:oasis:names:tc:SAML:1.1:protocol urn:mace:shibboleth:1.0 urn:oasis:names:tc:SAML:2.0:protocol&apos;&gt;\n  &lt;KeyDescriptor use=&apos;encryption&apos;&gt;\n    &lt;ds:KeyInfo xmlns:ds=&apos;http://www.w3.org/2000/09/xmldsig#&apos;&gt;\n      &lt;ds:KeyName&gt;key1&lt;/ds:KeyName&gt;\n      &lt;ds:X509Data&gt;\n        &lt;ds:X509Certificate&gt;\nMIIDJDCCAgygAwIBAgIVAO0iiNByCKsIji9RIiEglo5mhsc9MA0GCSqGSIb3DQEB\nBQUAMBkxFzAVBgNVBAMTDnZoby5hYWYuZWR1LmF1MB4XDTA5MDUwNDA2MTgyNVoX\nDTI5MDUwNDA2MTgyNVowGTEXMBUGA1UEAxMOdmhvLmFhZi5lZHUuYXUwggEiMA0G\nCSqGSIb3DQEBAQUAA4IBDwAwggEKAoIBAQDWB4cjn/vxigCmLp1J4Y9OW84acUnO\nYFcb3piAy3fc+dhA6AVHCjLrh7tWRIycmcz5qqIbOFnS5qBqg/zBAAhpPGRHjJTd\n9J6iUN6bWXeaTTBAO9QDtYPt8iAymPFCgbr4lil5JuE9cg6uVgb2/RQlZqludxV6\naUTbtJePJz5KAVMrlfHVguKjH5GpwVcBztMmtRgOPC37Ptyz9Wo/FxpkwpkZCmag\ntQUTBdSL1lr7ySW4CqH4QCgyplBJ2jOnG2IsGZ0TnCQ5cfNuB9Iw8uU5bBMiZvI+\n2xuDQV4KWyz3lbTHLPHk/Iw57/NdwOeKMLmmJRiRwuJJaOS4MNaPoWsbAgMBAAGj\nYzBhMEAGA1UdEQQ5MDeCDnZoby5hYWYuZWR1LmF1hiVodHRwczovL3Zoby5hYWYu\nZWR1LmF1L2lkcC9zaGliYm9sZXRoMB0GA1UdDgQWBBTRu0lIvmQAgPzWEMhtz7Gm\neYWEqDANBgkqhkiG9w0BAQUFAAOCAQEAUwiq3jCuhENSyehA2AjhmfBj8DaggSe/\nmRuHUi+IZgPtF09nasr9ZxNVs9S00pxPHjBWwFQ3p+6wY/qQZEQIE0j3iJ9Ly3IL\nRSHZiC0YlrdivcqvvTNc3SO+TW2LWWLbUMSs+IuMVPQpsPvUJ6XN5DuoJHByBbMB\nqgRIRXocTSssKfyRPuPtZHWnlvCgv2fzPmPJqa+z8hnSEdpBTSFCHHgoyRsaTGhg\nVscwWbqvj3YlQhVt62SMTQu82pKdD9I1mS75BHH7Ehb/PHCv7jCSaVc3ztPUquZ6\nwU7I1/N110XAqdxIAZo7giAij4IKE122u7bPYs8YlQ8JoMb4hPJY5g==\n&lt;/ds:X509Certificate&gt;\n      &lt;/ds:X509Data&gt;\n    &lt;/ds:KeyInfo&gt;\n    &lt;EncryptionMethod Algorithm=&apos;http://www.w3.org/2001/04/xmlenc#tripledes-cbc&apos; /&gt;\n  &lt;/KeyDescriptor&gt;\n  &lt;KeyDescriptor use=&apos;signing&apos;&gt;\n    &lt;ds:KeyInfo xmlns:ds=&apos;http://www.w3.org/2000/09/xmldsig#&apos;&gt;\n      &lt;ds:KeyName&gt;key2&lt;/ds:KeyName&gt;\n      &lt;ds:X509Data&gt;\n        &lt;ds:X509Certificate&gt;\nMIIDJDCCAgygAwIBAgIVAO0iiNByCKsIji9RIiEglo5mhsc9MA0GCSqGSIb3DQEB\nBQUAMBkxFzAVBgNVBAMTDnZoby5hYWYuZWR1LmF1MB4XDTA5MDUwNDA2MTgyNVoX\nDTI5MDUwNDA2MTgyNVowGTEXMBUGA1UEAxMOdmhvLmFhZi5lZHUuYXUwggEiMA0G\nCSqGSIb3DQEBAQUAA4IBDwAwggEKAoIBAQDWB4cjn/vxigCmLp1J4Y9OW84acUnO\nYFcb3piAy3fc+dhA6AVHCjLrh7tWRIycmcz5qqIbOFnS5qBqg/zBAAhpPGRHjJTd\n9J6iUN6bWXeaTTBAO9QDtYPt8iAymPFCgbr4lil5JuE9cg6uVgb2/RQlZqludxV6\naUTbtJePJz5KAVMrlfHVguKjH5GpwVcBztMmtRgOPC37Ptyz9Wo/FxpkwpkZCmag\ntQUTBdSL1lr7ySW4CqH4QCgyplBJ2jOnG2IsGZ0TnCQ5cfNuB9Iw8uU5bBMiZvI+\n2xuDQV4KWyz3lbTHLPHk/Iw57/NdwOeKMLmmJRiRwuJJaOS4MNaPoWsbAgMBAAGj\nYzBhMEAGA1UdEQQ5MDeCDnZoby5hYWYuZWR1LmF1hiVodHRwczovL3Zoby5hYWYu\nZWR1LmF1L2lkcC9zaGliYm9sZXRoMB0GA1UdDgQWBBTRu0lIvmQAgPzWEMhtz7Gm\neYWEqDANBgkqhkiG9w0BAQUFAAOCAQEAUwiq3jCuhENSyehA2AjhmfBj8DaggSe/\nmRuHUi+IZgPtF09nasr9ZxNVs9S00pxPHjBWwFQ3p+6wY/qQZEQIE0j3iJ9Ly3IL\nRSHZiC0YlrdivcqvvTNc3SO+TW2LWWLbUMSs+IuMVPQpsPvUJ6XN5DuoJHByBbMB\nqgRIRXocTSssKfyRPuPtZHWnlvCgv2fzPmPJqa+z8hnSEdpBTSFCHHgoyRsaTGhg\nVscwWbqvj3YlQhVt62SMTQu82pKdD9I1mS75BHH7Ehb/PHCv7jCSaVc3ztPUquZ6\nwU7I1/N110XAqdxIAZo7giAij4IKE122u7bPYs8YlQ8JoMb4hPJY5g==\n&lt;/ds:X509Certificate&gt;\n      &lt;/ds:X509Data&gt;\n    &lt;/ds:KeyInfo&gt;\n  &lt;/KeyDescriptor&gt;\n  &lt;Organization&gt;\n    &lt;OrganizationName xml:lang=&apos;en&apos;&gt;Test Organization&lt;/OrganizationName&gt;\n    &lt;OrganizationDisplayName xml:lang=&apos;en&apos;&gt;Test Organization Display&lt;/OrganizationDisplayName&gt;\n    &lt;OrganizationURL xml:lang=&apos;en&apos;&gt;http://example.com&lt;/OrganizationURL&gt;\n  &lt;/Organization&gt;\n  &lt;ContactPerson contactType=&apos;administrative&apos;&gt;\n    &lt;GivenName&gt;Test&lt;/GivenName&gt;\n    &lt;SurName&gt;User&lt;/SurName&gt;\n    &lt;EmailAddress&gt;test@example.com&lt;/EmailAddress&gt;\n    &lt;TelephoneNumber&gt;(567) 222 22222&lt;/TelephoneNumber&gt;\n    &lt;TelephoneNumber&gt;(07) 1111 1111&lt;/TelephoneNumber&gt;\n    &lt;TelephoneNumber&gt;0413 867 208&lt;/TelephoneNumber&gt;\n  &lt;/ContactPerson&gt;\n&lt;/IDPSSODescriptor&gt;)
|   (-------------------------------------------------------------------------------------------------------------------------------------------------~~----------------------------------~~--------------------------------------------------------------~~-----------------------------------~~-------------------~~----------------------------~~----------------------------------------------------------------~~----------------------------------------------------------------~~----------------------------------------------------------------~~----------------------------------------------------------------~~----------------------------------------------------------------~~----------------------------------------------------------------~~----------------------------------------------------------------~~----------------------------------------------------------------~~----------------------------------------------------------------~~----------------------------------------------------------------~~----------------------------------------------------------------~~----------------------------------------------------------------~~----------------------------------------------------------------~~----------------------------------------------------------------~~----------------------------------------------------------------~~----------------------------------------------------------------~~--------------------------------------------------------~~---------------------~~--------------------~~-----------------~~-----------------------------------------------------------------------------------~~------------------~~-------------------------------~~--------------------------------------------------------------~~-----------------------------------~~-------------------~~----------------------------~~----------------------------------------------------------------~~----------------------------------------------------------------~~----------------------------------------------------------------~~----------------------------------------------------------------~~----------------------------------------------------------------~~----------------------------------------------------------------~~----------------------------------------------------------------~~----------------------------------------------------------------~~----------------------------------------------------------------~~----------------------------------------------------------------~~----------------------------------------------------------------~~----------------------------------------------------------------~~----------------------------------------------------------------~~----------------------------------------------------------------~~----------------------------------------------------------------~~----------------------------------------------------------------~~--------------------------------------------------------~~---------------------~~--------------------~~-----------------~~------------------~~----------------~~------------------------------------------------------------------------~~----------------------------------------------------------------------------------------------~~-----------------------------------------------------------------------~~-----------------~~----------------------------------------------~~-------------------------------~~---------------------------~~-------------------------------------------------~~------------------------------------------------------~~-----------------------------------------------------~~---------------------------------------------------~~------------------~~-------------------)
&lt;IDPSSODescriptor protocolSupportEnumeration=&apos;urn:oasis:names:tc:SAML:1.1:protocol urn:mace:shibboleth:1.0 urn:oasis:names:tc:SAML:2.0:protocol&apos;&gt;
  &lt;KeyDescriptor use=&apos;encryption&apos;&gt;
    &lt;ds:KeyInfo xmlns:ds=&apos;http://www.w3.org/2000/09/xmldsig#&apos;&gt;
      &lt;ds:KeyName&gt;key1&lt;/ds:KeyName&gt;
      &lt;ds:X509Data&gt;
        &lt;ds:X509Certificate&gt;
MIIDJDCCAgygAwIBAgIVAO0iiNByCKsIji9RIiEglo5mhsc9MA0GCSqGSIb3DQEB
BQUAMBkxFzAVBgNVBAMTDnZoby5hYWYuZWR1LmF1MB4XDTA5MDUwNDA2MTgyNVoX
DTI5MDUwNDA2MTgyNVowGTEXMBUGA1UEAxMOdmhvLmFhZi5lZHUuYXUwggEiMA0G
CSqGSIb3DQEBAQUAA4IBDwAwggEKAoIBAQDWB4cjn/vxigCmLp1J4Y9OW84acUnO
YFcb3piAy3fc+dhA6AVHCjLrh7tWRIycmcz5qqIbOFnS5qBqg/zBAAhpPGRHjJTd
9J6iUN6bWXeaTTBAO9QDtYPt8iAymPFCgbr4lil5JuE9cg6uVgb2/RQlZqludxV6
aUTbtJePJz5KAVMrlfHVguKjH5GpwVcBztMmtRgOPC37Ptyz9Wo/FxpkwpkZCmag
tQUTBdSL1lr7ySW4CqH4QCgyplBJ2jOnG2IsGZ0TnCQ5cfNuB9Iw8uU5bBMiZvI+
2xuDQV4KWyz3lbTHLPHk/Iw57/NdwOeKMLmmJRiRwuJJaOS4MNaPoWsbAgMBAAGj
YzBhMEAGA1UdEQQ5MDeCDnZoby5hYWYuZWR1LmF1hiVodHRwczovL3Zoby5hYWYu
ZWR1LmF1L2lkcC9zaGliYm9sZXRoMB0GA1UdDgQWBBTRu0lIvmQAgPzWEMhtz7Gm
eYWEqDANBgkqhkiG9w0BAQUFAAOCAQEAUwiq3jCuhENSyehA2AjhmfBj8DaggSe/
mRuHUi+IZgPtF09nasr9ZxNVs9S00pxPHjBWwFQ3p+6wY/qQZEQIE0j3iJ9Ly3IL
RSHZiC0YlrdivcqvvTNc3SO+TW2LWWLbUMSs+IuMVPQpsPvUJ6XN5DuoJHByBbMB
qgRIRXocTSssKfyRPuPtZHWnlvCgv2fzPmPJqa+z8hnSEdpBTSFCHHgoyRsaTGhg
VscwWbqvj3YlQhVt62SMTQu82pKdD9I1mS75BHH7Ehb/PHCv7jCSaVc3ztPUquZ6
wU7I1/N110XAqdxIAZo7giAij4IKE122u7bPYs8YlQ8JoMb4hPJY5g==
&lt;/ds:X509Certificate&gt;
      &lt;/ds:X509Data&gt;
    &lt;/ds:KeyInfo&gt;
    &lt;EncryptionMethod Algorithm=&apos;http://www.w3.org/2001/04/xmlenc#tripledes-cbc&apos; /&gt;
  &lt;/KeyDescriptor&gt;
  &lt;KeyDescriptor use=&apos;signing&apos;&gt;
    &lt;ds:KeyInfo xmlns:ds=&apos;http://www.w3.org/2000/09/xmldsig#&apos;&gt;
      &lt;ds:KeyName&gt;key2&lt;/ds:KeyName&gt;
      &lt;ds:X509Data&gt;
        &lt;ds:X509Certificate&gt;
MIIDJDCCAgygAwIBAgIVAO0iiNByCKsIji9RIiEglo5mhsc9MA0GCSqGSIb3DQEB
BQUAMBkxFzAVBgNVBAMTDnZoby5hYWYuZWR1LmF1MB4XDTA5MDUwNDA2MTgyNVoX
DTI5MDUwNDA2MTgyNVowGTEXMBUGA1UEAxMOdmhvLmFhZi5lZHUuYXUwggEiMA0G
CSqGSIb3DQEBAQUAA4IBDwAwggEKAoIBAQDWB4cjn/vxigCmLp1J4Y9OW84acUnO
YFcb3piAy3fc+dhA6AVHCjLrh7tWRIycmcz5qqIbOFnS5qBqg/zBAAhpPGRHjJTd
9J6iUN6bWXeaTTBAO9QDtYPt8iAymPFCgbr4lil5JuE9cg6uVgb2/RQlZqludxV6
aUTbtJePJz5KAVMrlfHVguKjH5GpwVcBztMmtRgOPC37Ptyz9Wo/FxpkwpkZCmag
tQUTBdSL1lr7ySW4CqH4QCgyplBJ2jOnG2IsGZ0TnCQ5cfNuB9Iw8uU5bBMiZvI+
2xuDQV4KWyz3lbTHLPHk/Iw57/NdwOeKMLmmJRiRwuJJaOS4MNaPoWsbAgMBAAGj
YzBhMEAGA1UdEQQ5MDeCDnZoby5hYWYuZWR1LmF1hiVodHRwczovL3Zoby5hYWYu
ZWR1LmF1L2lkcC9zaGliYm9sZXRoMB0GA1UdDgQWBBTRu0lIvmQAgPzWEMhtz7Gm
eYWEqDANBgkqhkiG9w0BAQUFAAOCAQEAUwiq3jCuhENSyehA2AjhmfBj8DaggSe/
mRuHUi+IZgPtF09nasr9ZxNVs9S00pxPHjBWwFQ3p+6wY/qQZEQIE0j3iJ9Ly3IL
RSHZiC0YlrdivcqvvTNc3SO+TW2LWWLbUMSs+IuMVPQpsPvUJ6XN5DuoJHByBbMB
qgRIRXocTSssKfyRPuPtZHWnlvCgv2fzPmPJqa+z8hnSEdpBTSFCHHgoyRsaTGhg
VscwWbqvj3YlQhVt62SMTQu82pKdD9I1mS75BHH7Ehb/PHCv7jCSaVc3ztPUquZ6
wU7I1/N110XAqdxIAZo7giAij4IKE122u7bPYs8YlQ8JoMb4hPJY5g==
&lt;/ds:X509Certificate&gt;
      &lt;/ds:X509Data&gt;
    &lt;/ds:KeyInfo&gt;
  &lt;/KeyDescriptor&gt;
  &lt;Organization&gt;
    &lt;OrganizationName xml:lang=&apos;en&apos;&gt;Test Organization&lt;/OrganizationName&gt;
    &lt;OrganizationDisplayName xml:lang=&apos;en&apos;&gt;Test Organization Display&lt;/OrganizationDisplayName&gt;
    &lt;OrganizationURL xml:lang=&apos;en&apos;&gt;http://example.com&lt;/OrganizationURL&gt;
  &lt;/Organization&gt;
  &lt;ContactPerson contactType=&apos;administrative&apos;&gt;
    &lt;GivenName&gt;Test&lt;/GivenName&gt;
    &lt;SurName&gt;User&lt;/SurName&gt;
    &lt;EmailAddress&gt;test@example.com&lt;/EmailAddress&gt;
    &lt;TelephoneNumber&gt;(567) 222 22222&lt;/TelephoneNumber&gt;
    &lt;TelephoneNumber&gt;(07) 1111 1111&lt;/TelephoneNumber&gt;
    &lt;TelephoneNumber&gt;0413 867 208&lt;/TelephoneNumber&gt;
  &lt;/ContactPerson&gt;
&lt;/IDPSSODescriptor&gt;

	at fedreg.metadata.MetadataGenerationServiceSpec.Test valid IDPSSODescriptor generation(MetadataGenerationServiceSpec.groovy:195)
</failure>

      </testcase>

      <system-out><![CDATA[--Output from Test valid endpoint generation--
--Output from Test valid endpoint generation with response--
--Output from Test valid indexed endpoint generation--
--Output from Test valid indexed endpoint generation with response--
--Output from Test valid organization generation--
--Output from Test valid contact person generation--
--Output from Test valid contact person generation with only mobile phone--
--Output from Test valid IDPSSODescriptor generation--
<IDPSSODescriptor protocolSupportEnumeration='urn:oasis:names:tc:SAML:1.1:protocol urn:mace:shibboleth:1.0 urn:oasis:names:tc:SAML:2.0:protocol'>
  <KeyDescriptor use='encryption'>
    <ds:KeyInfo xmlns:ds='http://www.w3.org/2000/09/xmldsig#'>
      <ds:KeyName>key1</ds:KeyName>
      <ds:X509Data>
        <ds:X509Certificate>
MIIDJDCCAgygAwIBAgIVAO0iiNByCKsIji9RIiEglo5mhsc9MA0GCSqGSIb3DQEB
BQUAMBkxFzAVBgNVBAMTDnZoby5hYWYuZWR1LmF1MB4XDTA5MDUwNDA2MTgyNVoX
DTI5MDUwNDA2MTgyNVowGTEXMBUGA1UEAxMOdmhvLmFhZi5lZHUuYXUwggEiMA0G
CSqGSIb3DQEBAQUAA4IBDwAwggEKAoIBAQDWB4cjn/vxigCmLp1J4Y9OW84acUnO
YFcb3piAy3fc+dhA6AVHCjLrh7tWRIycmcz5qqIbOFnS5qBqg/zBAAhpPGRHjJTd
9J6iUN6bWXeaTTBAO9QDtYPt8iAymPFCgbr4lil5JuE9cg6uVgb2/RQlZqludxV6
aUTbtJePJz5KAVMrlfHVguKjH5GpwVcBztMmtRgOPC37Ptyz9Wo/FxpkwpkZCmag
tQUTBdSL1lr7ySW4CqH4QCgyplBJ2jOnG2IsGZ0TnCQ5cfNuB9Iw8uU5bBMiZvI+
2xuDQV4KWyz3lbTHLPHk/Iw57/NdwOeKMLmmJRiRwuJJaOS4MNaPoWsbAgMBAAGj
YzBhMEAGA1UdEQQ5MDeCDnZoby5hYWYuZWR1LmF1hiVodHRwczovL3Zoby5hYWYu
ZWR1LmF1L2lkcC9zaGliYm9sZXRoMB0GA1UdDgQWBBTRu0lIvmQAgPzWEMhtz7Gm
eYWEqDANBgkqhkiG9w0BAQUFAAOCAQEAUwiq3jCuhENSyehA2AjhmfBj8DaggSe/
mRuHUi+IZgPtF09nasr9ZxNVs9S00pxPHjBWwFQ3p+6wY/qQZEQIE0j3iJ9Ly3IL
RSHZiC0YlrdivcqvvTNc3SO+TW2LWWLbUMSs+IuMVPQpsPvUJ6XN5DuoJHByBbMB
qgRIRXocTSssKfyRPuPtZHWnlvCgv2fzPmPJqa+z8hnSEdpBTSFCHHgoyRsaTGhg
VscwWbqvj3YlQhVt62SMTQu82pKdD9I1mS75BHH7Ehb/PHCv7jCSaVc3ztPUquZ6
wU7I1/N110XAqdxIAZo7giAij4IKE122u7bPYs8YlQ8JoMb4hPJY5g==
</ds:X509Certificate>
      </ds:X509Data>
    </ds:KeyInfo>
    <EncryptionMethod Algorithm='http://www.w3.org/2001/04/xmlenc#tripledes-cbc' />
  </KeyDescriptor>
  <KeyDescriptor use='signing'>
    <ds:KeyInfo xmlns:ds='http://www.w3.org/2000/09/xmldsig#'>
      <ds:KeyName>key2</ds:KeyName>
      <ds:X509Data>
        <ds:X509Certificate>
MIIDJDCCAgygAwIBAgIVAO0iiNByCKsIji9RIiEglo5mhsc9MA0GCSqGSIb3DQEB
BQUAMBkxFzAVBgNVBAMTDnZoby5hYWYuZWR1LmF1MB4XDTA5MDUwNDA2MTgyNVoX
DTI5MDUwNDA2MTgyNVowGTEXMBUGA1UEAxMOdmhvLmFhZi5lZHUuYXUwggEiMA0G
CSqGSIb3DQEBAQUAA4IBDwAwggEKAoIBAQDWB4cjn/vxigCmLp1J4Y9OW84acUnO
YFcb3piAy3fc+dhA6AVHCjLrh7tWRIycmcz5qqIbOFnS5qBqg/zBAAhpPGRHjJTd
9J6iUN6bWXeaTTBAO9QDtYPt8iAymPFCgbr4lil5JuE9cg6uVgb2/RQlZqludxV6
aUTbtJePJz5KAVMrlfHVguKjH5GpwVcBztMmtRgOPC37Ptyz9Wo/FxpkwpkZCmag
tQUTBdSL1lr7ySW4CqH4QCgyplBJ2jOnG2IsGZ0TnCQ5cfNuB9Iw8uU5bBMiZvI+
2xuDQV4KWyz3lbTHLPHk/Iw57/NdwOeKMLmmJRiRwuJJaOS4MNaPoWsbAgMBAAGj
YzBhMEAGA1UdEQQ5MDeCDnZoby5hYWYuZWR1LmF1hiVodHRwczovL3Zoby5hYWYu
ZWR1LmF1L2lkcC9zaGliYm9sZXRoMB0GA1UdDgQWBBTRu0lIvmQAgPzWEMhtz7Gm
eYWEqDANBgkqhkiG9w0BAQUFAAOCAQEAUwiq3jCuhENSyehA2AjhmfBj8DaggSe/
mRuHUi+IZgPtF09nasr9ZxNVs9S00pxPHjBWwFQ3p+6wY/qQZEQIE0j3iJ9Ly3IL
RSHZiC0YlrdivcqvvTNc3SO+TW2LWWLbUMSs+IuMVPQpsPvUJ6XN5DuoJHByBbMB
qgRIRXocTSssKfyRPuPtZHWnlvCgv2fzPmPJqa+z8hnSEdpBTSFCHHgoyRsaTGhg
VscwWbqvj3YlQhVt62SMTQu82pKdD9I1mS75BHH7Ehb/PHCv7jCSaVc3ztPUquZ6
wU7I1/N110XAqdxIAZo7giAij4IKE122u7bPYs8YlQ8JoMb4hPJY5g==
</ds:X509Certificate>
      </ds:X509Data>
    </ds:KeyInfo>
  </KeyDescriptor>
  <Organization>
    <OrganizationName xml:lang='en'>Test Organization</OrganizationName>
    <OrganizationDisplayName xml:lang='en'>Test Organization Display</OrganizationDisplayName>
    <OrganizationURL xml:lang='en'>http://example.com</OrganizationURL>
  </Organization>
  <ContactPerson contactType='administrative'>
    <GivenName>Test</GivenName>
    <SurName>User</SurName>
    <EmailAddress>test@example.com</EmailAddress>
    <TelephoneNumber>(567) 222 22222</TelephoneNumber>
    <TelephoneNumber>(07) 1111 1111</TelephoneNumber>
    <TelephoneNumber>0413 867 208</TelephoneNumber>
  </ContactPerson>
</IDPSSODescriptor>
]]></system-out>

      <system-err><![CDATA[--Output from Test valid endpoint generation--
--Output from Test valid endpoint generation with response--
--Output from Test valid indexed endpoint generation--
--Output from Test valid indexed endpoint generation with response--
--Output from Test valid organization generation--
--Output from Test valid contact person generation--
--Output from Test valid contact person generation with only mobile phone--
--Output from Test valid IDPSSODescriptor generation--
]]></system-err>

  </testsuite>
</testsuites>
